<?xml version="1.0" encoding="UTF-8"?>
<coverage generated="1552107539134" clover="3.2.0">
  <project timestamp="1552107539135" name="All files">
    <metrics statements="15" coveredstatements="5" conditionals="0" coveredconditionals="0" methods="6" coveredmethods="4" elements="21" coveredelements="9" complexity="0" loc="15" ncloc="15" packages="2" files="5" classes="5">
      <package name="src">
        <metrics statements="11" coveredstatements="1" conditionals="0" coveredconditionals="0" methods="3" coveredmethods="1"/>
        <file name="App.js" path="/home/vrvembassy1/work/docker/github/docker-react/src/App.js">
          <metrics statements="1" coveredstatements="1" conditionals="0" coveredconditionals="0" methods="1" coveredmethods="1"/>
          <line num="4" count="1" type="stmt"/>
        </file>
        <file name="index.js" path="/home/vrvembassy1/work/docker/github/docker-react/src/index.js">
          <metrics statements="4" coveredstatements="0" conditionals="0" coveredconditionals="0" methods="0" coveredmethods="0"/>
          <line num="1" count="0" type="stmt"/>
          <line num="2" count="0" type="stmt"/>
          <line num="3" count="0" type="stmt"/>
          <line num="5" count="0" type="stmt"/>
        </file>
        <file name="kotAdd.js" path="/home/vrvembassy1/work/docker/github/docker-react/src/kotAdd.js">
          <metrics statements="6" coveredstatements="0" conditionals="0" coveredconditionals="0" methods="2" coveredmethods="0"/>
          <line num="1" count="0" type="stmt"/>
          <line num="2" count="0" type="stmt"/>
          <line num="3" count="0" type="stmt"/>
          <line num="4" count="0" type="stmt"/>
          <line num="7" count="0" type="stmt"/>
          <line num="8" count="0" type="stmt"/>
        </file>
      </package>
      <package name="src.Routes">
        <metrics statements="4" coveredstatements="4" conditionals="0" coveredconditionals="0" methods="3" coveredmethods="3"/>
        <file name="Login.js" path="/home/vrvembassy1/work/docker/github/docker-react/src/Routes/Login.js">
          <metrics statements="3" coveredstatements="3" conditionals="0" coveredconditionals="0" methods="2" coveredmethods="2"/>
          <line num="7" count="1" type="stmt"/>
          <line num="13" count="1" type="stmt"/>
          <line num="17" count="1" type="stmt"/>
        </file>
        <file name="index.js" path="/home/vrvembassy1/work/docker/github/docker-react/src/Routes/index.js">
          <metrics statements="1" coveredstatements="1" conditionals="0" coveredconditionals="0" methods="1" coveredmethods="1"/>
          <line num="6" count="1" type="stmt"/>
        </file>
      </package>
    </metrics>
  </project>
</coverage>
