{"/home/vrvembassy1/work/docker/github/docker-react/src/App.js": {"path":"/home/vrvembassy1/work/docker/github/docker-react/src/App.js","statementMap":{"0":{"start":{"line":4,"column":21},"end":{"line":4,"column":31}}},"fnMap":{"0":{"name":"(anonymous_0)","decl":{"start":{"line":4,"column":15},"end":{"line":4,"column":16}},"loc":{"start":{"line":4,"column":21},"end":{"line":4,"column":31}},"line":4}},"branchMap":{},"s":{"0":1},"f":{"0":1},"b":{},"_coverageSchema":"332fd63041d2c1bcb487cc26dd0d5f7d97098a6c","hash":"b1f327433012732fc991da6736bb92e958fed836"}
,"/home/vrvembassy1/work/docker/github/docker-react/src/index.js": {"path":"/home/vrvembassy1/work/docker/github/docker-react/src/index.js","statementMap":{"0":{"start":{"line":1,"column":0},"end":{"line":null,"column":-1}},"1":{"start":{"line":2,"column":0},"end":{"line":null,"column":-1}},"2":{"start":{"line":3,"column":0},"end":{"line":null,"column":-1}},"3":{"start":{"line":5,"column":0},"end":{"line":null,"column":-1}}},"fnMap":{},"branchMap":{},"s":{"0":0,"1":0,"2":0,"3":0},"f":{},"b":{}}
,"/home/vrvembassy1/work/docker/github/docker-react/src/kotAdd.js": {"path":"/home/vrvembassy1/work/docker/github/docker-react/src/kotAdd.js","statementMap":{"0":{"start":{"line":1,"column":0},"end":{"line":null,"column":-1}},"1":{"start":{"line":2,"column":16},"end":{"line":2,"column":0}},"2":{"start":{"line":3,"column":0},"end":{"line":null,"column":-1}},"3":{"start":{"line":4,"column":16},"end":{"line":4,"column":0}},"4":{"start":{"line":7,"column":2},"end":{"line":null,"column":-1}},"5":{"start":{"line":7,"column":33},"end":{"line":7,"column":2}},"6":{"start":{"line":8,"column":2},"end":{"line":6,"column":0}}},"fnMap":{"0":{"name":"kotAdd","decl":{"start":{"line":5,"column":9},"end":{"line":5,"column":0}},"loc":{"start":{"line":6,"column":0},"end":{"line":13,"column":1}}},"1":{"name":"(anonymous_1)","decl":{"start":{"line":7,"column":20},"end":{"line":7,"column":28}},"loc":{"start":{"line":7,"column":33},"end":{"line":7,"column":2}}}},"branchMap":{},"s":{"0":0,"1":0,"2":0,"3":0,"4":0,"5":0,"6":0},"f":{"0":0,"1":0},"b":{}}
,"/home/vrvembassy1/work/docker/github/docker-react/src/Routes/Login.js": {"path":"/home/vrvembassy1/work/docker/github/docker-react/src/Routes/Login.js","statementMap":{"0":{"start":{"line":7,"column":16},"end":{"line":7,"column":45}},"1":{"start":{"line":13,"column":4},"end":{"line":13,"column":17}},"2":{"start":{"line":17,"column":4},"end":{"line":25,"column":6}}},"fnMap":{"0":{"name":"(anonymous_0)","decl":{"start":{"line":11,"column":2},"end":{"line":11,"column":3}},"loc":{"start":{"line":12,"column":2},"end":{"line":14,"column":3}},"line":12},"1":{"name":"(anonymous_1)","decl":{"start":{"line":16,"column":2},"end":{"line":16,"column":3}},"loc":{"start":{"line":16,"column":11},"end":{"line":26,"column":3}},"line":16}},"branchMap":{},"s":{"0":1,"1":1,"2":1},"f":{"0":1,"1":1},"b":{},"_coverageSchema":"332fd63041d2c1bcb487cc26dd0d5f7d97098a6c","hash":"4bd35c7f0be54a9860bc82c48ec0dc249382224c"}
,"/home/vrvembassy1/work/docker/github/docker-react/src/Routes/index.js": {"path":"/home/vrvembassy1/work/docker/github/docker-react/src/Routes/index.js","statementMap":{"0":{"start":{"line":6,"column":2},"end":{"line":10,"column":18}}},"fnMap":{"0":{"name":"(anonymous_0)","decl":{"start":{"line":5,"column":15},"end":{"line":5,"column":16}},"loc":{"start":{"line":6,"column":2},"end":{"line":10,"column":18}},"line":6}},"branchMap":{},"s":{"0":1},"f":{"0":1},"b":{},"_coverageSchema":"332fd63041d2c1bcb487cc26dd0d5f7d97098a6c","hash":"31c3ec22ee8e2c1d9f2e7482e9e95fd68f2f65ba"}
}
